<?xml version="1.0" encoding="UTF-8"?>
<testsuite name="TestRunner.TestRunner" tests="7" skipped="0" failures="1" errors="0" timestamp="2022-02-27T03:46:15" hostname="DESKTOP-SE7Q3HR" time="14.453">
  <properties/>
  <testcase name="doLogin" classname="TestRunner.TestRunner" time="4.754"/>
  <testcase name="getListApi" classname="TestRunner.TestRunner" time="1.748"/>
  <testcase name="getCustomerSearch" classname="TestRunner.TestRunner" time="1.494"/>
  <testcase name="generateCustomerInfo" classname="TestRunner.TestRunner" time="0.902"/>
  <testcase name="createCustomerApi" classname="TestRunner.TestRunner" time="1.554"/>
  <testcase name="customerUpdateApi" classname="TestRunner.TestRunner" time="2.283"/>
  <testcase name="customerDeleteApi" classname="TestRunner.TestRunner" time="1.59">
    <failure message="java.lang.AssertionError: 1 expectation failed.&#10;Expected status code &lt;404&gt; but was &lt;200&gt;.&#10;" type="java.lang.AssertionError">java.lang.AssertionError: 1 expectation failed.
Expected status code &lt;404&gt; but was &lt;200&gt;.

	at sun.reflect.NativeConstructorAccessorImpl.newInstance0(Native Method)
	at sun.reflect.NativeConstructorAccessorImpl.newInstance(NativeConstructorAccessorImpl.java:62)
	at sun.reflect.DelegatingConstructorAccessorImpl.newInstance(DelegatingConstructorAccessorImpl.java:45)
	at java.lang.reflect.Constructor.newInstance(Constructor.java:423)
	at org.codehaus.groovy.reflection.CachedConstructor.invoke(CachedConstructor.java:72)
	at org.codehaus.groovy.reflection.CachedConstructor.doConstructorInvoke(CachedConstructor.java:59)
	at org.codehaus.groovy.runtime.callsite.ConstructorSite$ConstructorSiteNoUnwrap.callConstructor(ConstructorSite.java:84)
	at org.codehaus.groovy.runtime.callsite.CallSiteArray.defaultCallConstructor(CallSiteArray.java:59)
	at org.codehaus.groovy.runtime.callsite.AbstractCallSite.callConstructor(AbstractCallSite.java:263)
	at org.codehaus.groovy.runtime.callsite.AbstractCallSite.callConstructor(AbstractCallSite.java:277)
	at io.restassured.internal.ResponseSpecificationImpl$HamcrestAssertionClosure.validate(ResponseSpecificationImpl.groovy:493)
	at io.restassured.internal.ResponseSpecificationImpl$HamcrestAssertionClosure$validate$1.call(Unknown Source)
	at io.restassured.internal.ResponseSpecificationImpl.validateResponseIfRequired(ResponseSpecificationImpl.groovy:674)
	at sun.reflect.NativeMethodAccessorImpl.invoke0(Native Method)
	at sun.reflect.NativeMethodAccessorImpl.invoke(NativeMethodAccessorImpl.java:62)
	at sun.reflect.DelegatingMethodAccessorImpl.invoke(DelegatingMethodAccessorImpl.java:43)
	at java.lang.reflect.Method.invoke(Method.java:498)
	at org.codehaus.groovy.runtime.callsite.PlainObjectMetaMethodSite.doInvoke(PlainObjectMetaMethodSite.java:43)
	at org.codehaus.groovy.runtime.callsite.PogoMetaMethodSite$PogoCachedMethodSiteNoUnwrapNoCoerce.invoke(PogoMetaMethodSite.java:193)
	at org.codehaus.groovy.runtime.callsite.PogoMetaMethodSite.callCurrent(PogoMetaMethodSite.java:61)
	at org.codehaus.groovy.runtime.callsite.AbstractCallSite.callCurrent(AbstractCallSite.java:185)
	at io.restassured.internal.ResponseSpecificationImpl.statusCode(ResponseSpecificationImpl.groovy:126)
	at io.restassured.specification.ResponseSpecification$statusCode$0.callCurrent(Unknown Source)
	at io.restassured.internal.ResponseSpecificationImpl.statusCode(ResponseSpecificationImpl.groovy:134)
	at io.restassured.internal.ValidatableResponseOptionsImpl.statusCode(ValidatableResponseOptionsImpl.java:89)
	at io.restassured.internal.ValidatableResponseImpl.super$2$statusCode(ValidatableResponseImpl.groovy)
	at sun.reflect.NativeMethodAccessorImpl.invoke0(Native Method)
	at sun.reflect.NativeMethodAccessorImpl.invoke(NativeMethodAccessorImpl.java:62)
	at sun.reflect.DelegatingMethodAccessorImpl.invoke(DelegatingMethodAccessorImpl.java:43)
	at java.lang.reflect.Method.invoke(Method.java:498)
	at org.codehaus.groovy.reflection.CachedMethod.invoke(CachedMethod.java:107)
	at groovy.lang.MetaMethod.doMethodInvoke(MetaMethod.java:323)
	at groovy.lang.MetaClassImpl.invokeMethod(MetaClassImpl.java:1268)
	at org.codehaus.groovy.runtime.ScriptBytecodeAdapter.invokeMethodOnSuperN(ScriptBytecodeAdapter.java:144)
	at io.restassured.internal.ValidatableResponseImpl.statusCode(ValidatableResponseImpl.groovy:142)
	at io.restassured.internal.ValidatableResponseImpl.statusCode(ValidatableResponseImpl.groovy)
	at Pages.Customer.customerDelete(Customer.java:184)
	at TestRunner.TestRunner.customerDeleteApi(TestRunner.java:49)
	at sun.reflect.NativeMethodAccessorImpl.invoke0(Native Method)
	at sun.reflect.NativeMethodAccessorImpl.invoke(NativeMethodAccessorImpl.java:62)
	at sun.reflect.DelegatingMethodAccessorImpl.invoke(DelegatingMethodAccessorImpl.java:43)
	at java.lang.reflect.Method.invoke(Method.java:498)
	at org.testng.internal.MethodInvocationHelper.invokeMethod(MethodInvocationHelper.java:133)
	at org.testng.internal.TestInvoker.invokeMethod(TestInvoker.java:598)
	at org.testng.internal.TestInvoker.invokeTestMethod(TestInvoker.java:173)
	at org.testng.internal.MethodRunner.runInSequence(MethodRunner.java:46)
	at org.testng.internal.TestInvoker$MethodInvocationAgent.invoke(TestInvoker.java:824)
	at org.testng.internal.TestInvoker.invokeTestMethods(TestInvoker.java:146)
	at org.testng.internal.TestMethodWorker.invokeTestMethods(TestMethodWorker.java:146)
	at org.testng.internal.TestMethodWorker.run(TestMethodWorker.java:128)
	at java.util.ArrayList.forEach(ArrayList.java:1257)
	at org.testng.TestRunner.privateRun(TestRunner.java:794)
	at org.testng.TestRunner.run(TestRunner.java:596)
	at org.testng.SuiteRunner.runTest(SuiteRunner.java:377)
	at org.testng.SuiteRunner.runSequentially(SuiteRunner.java:371)
	at org.testng.SuiteRunner.privateRun(SuiteRunner.java:332)
	at org.testng.SuiteRunner.run(SuiteRunner.java:276)
	at org.testng.SuiteRunnerWorker.runSuite(SuiteRunnerWorker.java:53)
	at org.testng.SuiteRunnerWorker.run(SuiteRunnerWorker.java:96)
	at org.testng.TestNG.runSuitesSequentially(TestNG.java:1212)
	at org.testng.TestNG.runSuitesLocally(TestNG.java:1134)
	at org.testng.TestNG.runSuites(TestNG.java:1063)
	at org.testng.TestNG.run(TestNG.java:1031)
	at org.gradle.api.internal.tasks.testing.testng.TestNGTestClassProcessor.runTests(TestNGTestClassProcessor.java:141)
	at org.gradle.api.internal.tasks.testing.testng.TestNGTestClassProcessor.stop(TestNGTestClassProcessor.java:90)
	at org.gradle.api.internal.tasks.testing.SuiteTestClassProcessor.stop(SuiteTestClassProcessor.java:61)
	at sun.reflect.NativeMethodAccessorImpl.invoke0(Native Method)
	at sun.reflect.NativeMethodAccessorImpl.invoke(NativeMethodAccessorImpl.java:62)
	at sun.reflect.DelegatingMethodAccessorImpl.invoke(DelegatingMethodAccessorImpl.java:43)
	at java.lang.reflect.Method.invoke(Method.java:498)
	at org.gradle.internal.dispatch.ReflectionDispatch.dispatch(ReflectionDispatch.java:36)
	at org.gradle.internal.dispatch.ReflectionDispatch.dispatch(ReflectionDispatch.java:24)
	at org.gradle.internal.dispatch.ContextClassLoaderDispatch.dispatch(ContextClassLoaderDispatch.java:33)
	at org.gradle.internal.dispatch.ProxyDispatchAdapter$DispatchingInvocationHandler.invoke(ProxyDispatchAdapter.java:94)
	at com.sun.proxy.$Proxy2.stop(Unknown Source)
	at org.gradle.api.internal.tasks.testing.worker.TestWorker$3.run(TestWorker.java:193)
	at org.gradle.api.internal.tasks.testing.worker.TestWorker.executeAndMaintainThreadName(TestWorker.java:129)
	at org.gradle.api.internal.tasks.testing.worker.TestWorker.execute(TestWorker.java:100)
	at org.gradle.api.internal.tasks.testing.worker.TestWorker.execute(TestWorker.java:60)
	at org.gradle.process.internal.worker.child.ActionExecutionWorker.execute(ActionExecutionWorker.java:56)
	at org.gradle.process.internal.worker.child.SystemApplicationClassLoaderWorker.call(SystemApplicationClassLoaderWorker.java:133)
	at org.gradle.process.internal.worker.child.SystemApplicationClassLoaderWorker.call(SystemApplicationClassLoaderWorker.java:71)
	at worker.org.gradle.process.internal.worker.GradleWorkerMain.run(GradleWorkerMain.java:69)
	at worker.org.gradle.process.internal.worker.GradleWorkerMain.main(GradleWorkerMain.java:74)
</failure>
  </testcase>
  <system-out><![CDATA[eyJhbGciOiJIUzI1NiIsInR5cCI6IkpXVCJ9.eyJ1c2VybmFtZSI6InNhbG1hbiIsInJvbGUiOiJtZW1iZXIiLCJpYXQiOjE2NDU5MzM1NzgsImV4cCI6MTY0NTkzNTM3OH0.gDrsP_oZjnrECNUZ9r5I_QHuXEsEJO_cwmDc6PoY4uE
{"Count":20,"Customers":[{"id":101,"name":"Mr. Kamal","email":"mrkamal@test.com","address":"Gulshan,Dhaka","phone_number":"01502020110"},{"id":102,"name":"Mr. Jamal Islam","email":"mrjamal@test.com","address":"Gulshan,Dhaka","phone_number":"01502020110"},{"email":"customer103@grr.la"},{"id":954845,"name":"Blair Bruen MD","email":"daren71@testmail.com","address":"Dhaka","phone_number":"(701)153-2687"},{"id":352879,"name":"Jerod Mueller","email":"trudie47@testmail.com","address":"UK","phone_number":"(835)162-1924x09032"},{"id":504703,"name":"Estevan Fritsch","email":"yreichert@testmail.com","address":"USA","phone_number":"(359)418-5803x07051"},{"id":"20828","name":"Kevin Turcotte","email":"obins@test.com","address":"Newyork,USA","phone_number":"999.552.5891x87012"},{"id":"96370","name":"Macey Weimann","email":"wgerhold@test.com","address":"Newyork,USA","phone_number":"668-977-7960x74627"},{"id":52327,"name":"Brenden Langworth DVM","email":"yjacobson@test.com","address":"Newyork,USA","phone_number":"08363624535"},{"id":84637,"name":"Gunner Effertz","email":"veum.lenore@test.com","address":"Newyork,USA","phone_number":"284.180.9944x11485"},{"id":857348,"name":"Jamison Okuneva","email":"aileen94@testmail.com","address":"UK","phone_number":"(845)440-1812x8801"},{"id":287364,"name":"Dr. Blake Hagenes","email":"sidney25@testmail.com","address":"USA","phone_number":"1-052-654-2022x368"},{"id":679109,"name":"Rory Koch DDS","email":"fkemmer@testmail.com","address":"USA","phone_number":"(907)322-2198x549"},{"id":205172,"name":"Felton Rath","email":"dandre51@testmail.com","address":"USA","phone_number":"+45(1)5545085666"},{"id":968419,"name":"Prof. Dane McKenzie","email":"orion81@testmail.com","address":"USA","phone_number":"+10(1)2973113263"},{"id":368661,"name":"Jerod Schinner","email":"adrianna60@testmail.com","address":"BD","phone_number":"732-656-5877x27140"},{"id":518214,"name":"Shad Mayert","email":"kiley.greenholt@testmail.com","address":"England","phone_number":"1-506-109-8179"},{"id":248097,"name":"Lexus Hickle V","email":"oma15@testmail.com","address":"USA","phone_number":"(332)682-6052x5100"},{"id":438613,"name":"Wilford Marks","email":"homenick.milton@testmail.com","address":"USA","phone_number":"1-096-725-4650"},{"id":820107,"name":"Jace Kub","email":"bharris@testmail.com","address":"England","phone_number":"381.660.6268x8770"}]}
{"id":102,"name":"Mr. Jamal Islam","email":"mrjamal@test.com","address":"Gulshan,Dhaka","phone_number":"01502020110"}
{"results":[{"gender":"female","name":{"title":"Mrs","first":"Maysa","last":"Wolswijk"},"location":{"street":{"number":3340,"name":"Nicolaasweg"},"city":"Jouswier","state":"Noord-Holland","country":"Netherlands","postcode":45885,"coordinates":{"latitude":"40.3863","longitude":"15.3842"},"timezone":{"offset":"-3:30","description":"Newfoundland"}},"email":"maysa.wolswijk@example.com","login":{"uuid":"af755f69-6cfe-4389-911f-3f95a70a7e4a","username":"yellowduck958","password":"annabell","salt":"X05pHKwf","md5":"78cca467bd86c8cb1265005b5878d6eb","sha1":"f56eb70e4984c12320e17c6ec020df7e522575c4","sha256":"f370378910613a6723cf13e860302e69fb414e38f5b4f94f75198977de353003"},"dob":{"date":"1975-12-25T19:19:43.336Z","age":47},"registered":{"date":"2008-07-06T12:51:18.448Z","age":14},"phone":"(406)-492-6335","cell":"(600)-855-5920","id":{"name":"BSN","value":"61453153"},"picture":{"large":"https://randomuser.me/api/portraits/women/62.jpg","medium":"https://randomuser.me/api/portraits/med/women/62.jpg","thumbnail":"https://randomuser.me/api/portraits/thumb/women/62.jpg"},"nat":"NL"}],"info":{"seed":"264d79a820c1be7e","results":1,"page":1,"version":"1.3"}}
{"message":"Success","Customers":{"name":"Salman Maysa","email":"maysa.wolswijk@example.com","address":"Noord-Holland","phone_number":"(600)-855-5920"}}
{"message":"Success","Customers":{"id":101,"name":"Mr. Uzzal Mondol","email":"mrkamal@test.com","address":"Bahrain,Da","phone_number":"01502020110"}}
]]></system-out>
  <system-err><![CDATA[]]></system-err>
</testsuite>
